[0m12:52:38.407139 [debug] [MainThread]: Sending event: {'category': 'dbt', 'action': 'invocation', 'label': 'start', 'context': [<snowplow_tracker.self_describing_json.SelfDescribingJson object at 0x7fd99f6998b0>, <snowplow_tracker.self_describing_json.SelfDescribingJson object at 0x7fd99e7df5b0>, <snowplow_tracker.self_describing_json.SelfDescribingJson object at 0x7fd99e7df640>]}


============================== 12:52:38.428485 | 86dcc36f-21db-40a5-97a0-384866a82d53 ==============================
[0m12:52:38.428485 [info ] [MainThread]: Running with dbt=1.9.1
[0m12:52:38.433666 [debug] [MainThread]: running dbt with arguments {'printer_width': '80', 'indirect_selection': 'eager', 'write_json': 'True', 'log_cache_events': 'False', 'partial_parse': 'True', 'cache_selected_only': 'False', 'profiles_dir': '/usr/app/dbt', 'debug': 'False', 'version_check': 'True', 'log_path': '/usr/app/dbt/logs', 'warn_error': 'None', 'fail_fast': 'False', 'use_colors': 'True', 'use_experimental_parser': 'False', 'empty': 'None', 'quiet': 'False', 'no_print': 'None', 'log_format': 'default', 'static_parser': 'True', 'introspect': 'True', 'warn_error_options': 'WarnErrorOptions(include=[], exclude=[])', 'target_path': 'None', 'invocation_command': 'dbt debug', 'send_anonymous_usage_stats': 'True'}
[0m12:52:38.472637 [info ] [MainThread]: dbt version: 1.9.1
[0m12:52:38.479228 [info ] [MainThread]: python version: 3.9.21
[0m12:52:38.483258 [info ] [MainThread]: python path: /usr/local/bin/python3.9
[0m12:52:38.487514 [info ] [MainThread]: os info: Linux-5.15.153.1-microsoft-standard-WSL2-x86_64-with-glibc2.36
[0m12:52:40.358788 [info ] [MainThread]: Using profiles dir at /usr/app/dbt
[0m12:52:40.362711 [info ] [MainThread]: Using profiles.yml file at /usr/app/dbt/profiles.yml
[0m12:52:40.365588 [info ] [MainThread]: Using dbt_project.yml file at /usr/app/dbt/dbt_project.yml
[0m12:52:40.370358 [info ] [MainThread]: adapter type: bigquery
[0m12:52:40.373981 [info ] [MainThread]: adapter version: 1.9.1
[0m12:52:40.854554 [info ] [MainThread]: Configuration:
[0m12:52:40.858383 [info ] [MainThread]:   profiles.yml file [[32mOK found and valid[0m]
[0m12:52:40.861465 [info ] [MainThread]:   dbt_project.yml file [[32mOK found and valid[0m]
[0m12:52:40.865886 [info ] [MainThread]: Required dependencies:
[0m12:52:40.870803 [debug] [MainThread]: Executing "git --help"
[0m12:52:40.889933 [info ] [MainThread]:  - git [[31mERROR[0m]

[0m12:52:40.897285 [info ] [MainThread]: Connection:
[0m12:52:40.902271 [info ] [MainThread]:   method: service-account
[0m12:52:40.907096 [info ] [MainThread]:   database: ${BQ_DATASET_ID}
[0m12:52:40.913043 [info ] [MainThread]:   execution_project: ${BQ_DATASET_ID}
[0m12:52:40.917764 [info ] [MainThread]:   schema: ${BQ_DATASET_ID}
[0m12:52:40.922417 [info ] [MainThread]:   location: US
[0m12:52:40.928568 [info ] [MainThread]:   priority: interactive
[0m12:52:40.933574 [info ] [MainThread]:   maximum_bytes_billed: None
[0m12:52:40.939142 [info ] [MainThread]:   impersonate_service_account: None
[0m12:52:40.944534 [info ] [MainThread]:   job_retry_deadline_seconds: None
[0m12:52:40.949310 [info ] [MainThread]:   job_retries: 1
[0m12:52:40.953571 [info ] [MainThread]:   job_creation_timeout_seconds: None
[0m12:52:40.957288 [info ] [MainThread]:   job_execution_timeout_seconds: 300
[0m12:52:40.964639 [info ] [MainThread]:   timeout_seconds: 300
[0m12:52:40.969352 [info ] [MainThread]:   client_id: None
[0m12:52:40.973358 [info ] [MainThread]:   token_uri: None
[0m12:52:40.979556 [info ] [MainThread]:   dataproc_region: None
[0m12:52:40.984754 [info ] [MainThread]:   dataproc_cluster_name: None
[0m12:52:40.989438 [info ] [MainThread]:   gcs_bucket: None
[0m12:52:40.995363 [info ] [MainThread]:   dataproc_batch: None
[0m12:52:41.001133 [info ] [MainThread]: Registered adapter: bigquery=1.9.1
[0m12:52:41.288845 [debug] [MainThread]: Acquiring new bigquery connection 'debug'
[0m12:52:41.292046 [debug] [MainThread]: On debug: select 1 as id
[0m12:52:41.294813 [debug] [MainThread]: Opening a new connection, currently in state init
[0m12:52:41.298826 [debug] [MainThread]: BigQuery adapter: Got an error when attempting to create a bigquery " "client: '[Errno 2] No such file or directory: '/usr/app/dbt/credentials.json''
[0m12:52:41.301780 [debug] [MainThread]: BigQuery adapter: Unhandled error while running:
select 1 as id
[0m12:52:41.304568 [debug] [MainThread]: BigQuery adapter: Database Error
  [Errno 2] No such file or directory: '/usr/app/dbt/credentials.json'
[0m12:52:41.306837 [info ] [MainThread]:   Connection test: [[31mERROR[0m]

[0m12:52:41.311441 [info ] [MainThread]: [31m2 checks failed:[0m
[0m12:52:41.317292 [info ] [MainThread]: Error from git --help: Could not find command, ensure it is in the user's PATH: "git"

[0m12:52:41.321753 [info ] [MainThread]: dbt was unable to connect to the specified database.
The database returned the following error:

  >'NoneType' object has no attribute 'close'

Check your database credentials and try again. For more information, visit:
https://docs.getdbt.com/docs/configure-your-profile


[0m12:52:41.330893 [debug] [MainThread]: Resource report: {"command_name": "debug", "command_success": false, "command_wall_clock_time": 3.1298876, "process_in_blocks": "0", "process_kernel_time": 0.622961, "process_mem_max_rss": "220424", "process_out_blocks": "1264", "process_user_time": 7.043484}
[0m12:52:41.335656 [debug] [MainThread]: Command `dbt debug` failed at 12:52:41.334975 after 3.13 seconds
[0m12:52:41.340983 [debug] [MainThread]: Sending event: {'category': 'dbt', 'action': 'invocation', 'label': 'end', 'context': [<snowplow_tracker.self_describing_json.SelfDescribingJson object at 0x7fd99f6998b0>, <snowplow_tracker.self_describing_json.SelfDescribingJson object at 0x7fd971cfe8b0>, <snowplow_tracker.self_describing_json.SelfDescribingJson object at 0x7fd99f50d730>]}
[0m12:52:41.344451 [debug] [MainThread]: Flushing usage events
[0m12:52:41.985955 [debug] [MainThread]: An error was encountered while trying to flush usage events
[0m12:54:23.820335 [debug] [MainThread]: Sending event: {'category': 'dbt', 'action': 'invocation', 'label': 'start', 'context': [<snowplow_tracker.self_describing_json.SelfDescribingJson object at 0x7f01165105e0>, <snowplow_tracker.self_describing_json.SelfDescribingJson object at 0x7f011564d8b0>, <snowplow_tracker.self_describing_json.SelfDescribingJson object at 0x7f011564d910>]}


============================== 12:54:23.831737 | d7400fc8-4ddb-4c5b-8256-685bcaa183da ==============================
[0m12:54:23.831737 [info ] [MainThread]: Running with dbt=1.9.1
[0m12:54:23.836006 [debug] [MainThread]: running dbt with arguments {'printer_width': '80', 'indirect_selection': 'eager', 'log_cache_events': 'False', 'write_json': 'True', 'partial_parse': 'True', 'cache_selected_only': 'False', 'profiles_dir': '/usr/app/dbt', 'fail_fast': 'False', 'warn_error': 'None', 'log_path': '/usr/app/dbt/logs', 'debug': 'False', 'version_check': 'True', 'use_colors': 'True', 'use_experimental_parser': 'False', 'no_print': 'None', 'quiet': 'False', 'empty': 'None', 'log_format': 'default', 'invocation_command': 'dbt debug', 'introspect': 'True', 'static_parser': 'True', 'target_path': 'None', 'warn_error_options': 'WarnErrorOptions(include=[], exclude=[])', 'send_anonymous_usage_stats': 'True'}
[0m12:54:23.864243 [info ] [MainThread]: dbt version: 1.9.1
[0m12:54:23.868492 [info ] [MainThread]: python version: 3.9.21
[0m12:54:23.872332 [info ] [MainThread]: python path: /usr/local/bin/python3.9
[0m12:54:23.878048 [info ] [MainThread]: os info: Linux-5.15.153.1-microsoft-standard-WSL2-x86_64-with-glibc2.36
[0m12:54:25.545891 [info ] [MainThread]: Using profiles dir at /usr/app/dbt
[0m12:54:25.550293 [info ] [MainThread]: Using profiles.yml file at /usr/app/dbt/profiles.yml
[0m12:54:25.554539 [info ] [MainThread]: Using dbt_project.yml file at /usr/app/dbt/dbt_project.yml
[0m12:54:25.558514 [info ] [MainThread]: adapter type: bigquery
[0m12:54:25.562970 [info ] [MainThread]: adapter version: 1.9.1
[0m12:54:25.865368 [info ] [MainThread]: Configuration:
[0m12:54:25.870853 [info ] [MainThread]:   profiles.yml file [[32mOK found and valid[0m]
[0m12:54:25.875871 [info ] [MainThread]:   dbt_project.yml file [[32mOK found and valid[0m]
[0m12:54:25.882370 [info ] [MainThread]: Required dependencies:
[0m12:54:25.892908 [debug] [MainThread]: Executing "git --help"
[0m12:54:25.908716 [info ] [MainThread]:  - git [[31mERROR[0m]

[0m12:54:25.914548 [info ] [MainThread]: Connection:
[0m12:54:25.918816 [info ] [MainThread]:   method: service-account
[0m12:54:25.923496 [info ] [MainThread]:   database: ${GCP_PROJECT_ID}
[0m12:54:25.928153 [info ] [MainThread]:   execution_project: ${GCP_PROJECT_ID}
[0m12:54:25.932390 [info ] [MainThread]:   schema: ${BQ_DATASET_ID}
[0m12:54:25.935586 [info ] [MainThread]:   location: US
[0m12:54:25.939197 [info ] [MainThread]:   priority: interactive
[0m12:54:25.944743 [info ] [MainThread]:   maximum_bytes_billed: None
[0m12:54:25.949020 [info ] [MainThread]:   impersonate_service_account: None
[0m12:54:25.953065 [info ] [MainThread]:   job_retry_deadline_seconds: None
[0m12:54:25.956611 [info ] [MainThread]:   job_retries: 1
[0m12:54:25.960589 [info ] [MainThread]:   job_creation_timeout_seconds: None
[0m12:54:25.966147 [info ] [MainThread]:   job_execution_timeout_seconds: 300
[0m12:54:25.970044 [info ] [MainThread]:   timeout_seconds: 300
[0m12:54:25.974648 [info ] [MainThread]:   client_id: None
[0m12:54:25.979381 [info ] [MainThread]:   token_uri: None
[0m12:54:25.983459 [info ] [MainThread]:   dataproc_region: None
[0m12:54:25.987237 [info ] [MainThread]:   dataproc_cluster_name: None
[0m12:54:25.990786 [info ] [MainThread]:   gcs_bucket: None
[0m12:54:25.994488 [info ] [MainThread]:   dataproc_batch: None
[0m12:54:26.007436 [info ] [MainThread]: Registered adapter: bigquery=1.9.1
[0m12:54:26.313357 [debug] [MainThread]: Acquiring new bigquery connection 'debug'
[0m12:54:26.316897 [debug] [MainThread]: On debug: select 1 as id
[0m12:54:26.319777 [debug] [MainThread]: Opening a new connection, currently in state init
[0m12:54:26.323325 [debug] [MainThread]: BigQuery adapter: Got an error when attempting to create a bigquery " "client: '[Errno 2] No such file or directory: '/usr/app/dbt/credentials.json''
[0m12:54:26.327137 [debug] [MainThread]: BigQuery adapter: Unhandled error while running:
select 1 as id
[0m12:54:26.330846 [debug] [MainThread]: BigQuery adapter: Database Error
  [Errno 2] No such file or directory: '/usr/app/dbt/credentials.json'
[0m12:54:26.334258 [info ] [MainThread]:   Connection test: [[31mERROR[0m]

[0m12:54:26.337252 [info ] [MainThread]: [31m2 checks failed:[0m
[0m12:54:26.340551 [info ] [MainThread]: Error from git --help: Could not find command, ensure it is in the user's PATH: "git"

[0m12:54:26.343917 [info ] [MainThread]: dbt was unable to connect to the specified database.
The database returned the following error:

  >'NoneType' object has no attribute 'close'

Check your database credentials and try again. For more information, visit:
https://docs.getdbt.com/docs/configure-your-profile


[0m12:54:26.349267 [debug] [MainThread]: Resource report: {"command_name": "debug", "command_success": false, "command_wall_clock_time": 2.7324831, "process_in_blocks": "0", "process_kernel_time": 0.419717, "process_mem_max_rss": "218376", "process_out_blocks": "0", "process_user_time": 6.505621}
[0m12:54:26.353708 [debug] [MainThread]: Command `dbt debug` failed at 12:54:26.352925 after 2.74 seconds
[0m12:54:26.356709 [debug] [MainThread]: Sending event: {'category': 'dbt', 'action': 'invocation', 'label': 'end', 'context': [<snowplow_tracker.self_describing_json.SelfDescribingJson object at 0x7f01165105e0>, <snowplow_tracker.self_describing_json.SelfDescribingJson object at 0x7f00ecb4b670>, <snowplow_tracker.self_describing_json.SelfDescribingJson object at 0x7f00ecb4b460>]}
[0m12:54:26.360365 [debug] [MainThread]: Flushing usage events
[0m12:54:26.976892 [debug] [MainThread]: An error was encountered while trying to flush usage events
[0m13:04:44.839868 [debug] [MainThread]: Sending event: {'category': 'dbt', 'action': 'invocation', 'label': 'start', 'context': [<snowplow_tracker.self_describing_json.SelfDescribingJson object at 0x7fbe10549160>, <snowplow_tracker.self_describing_json.SelfDescribingJson object at 0x7fbe11940e10>, <snowplow_tracker.self_describing_json.SelfDescribingJson object at 0x7fbe0f873ed0>]}


============================== 13:04:44.858239 | 03770a10-9385-4f54-9444-af423a8a4f70 ==============================
[0m13:04:44.858239 [info ] [MainThread]: Running with dbt=1.9.1
[0m13:04:44.860414 [debug] [MainThread]: running dbt with arguments {'printer_width': '80', 'indirect_selection': 'eager', 'log_cache_events': 'False', 'write_json': 'True', 'partial_parse': 'True', 'cache_selected_only': 'False', 'warn_error': 'None', 'debug': 'False', 'profiles_dir': '/usr/app/dbt', 'log_path': '/usr/app/dbt/logs', 'fail_fast': 'False', 'version_check': 'True', 'use_colors': 'True', 'use_experimental_parser': 'False', 'no_print': 'None', 'quiet': 'False', 'empty': 'None', 'warn_error_options': 'WarnErrorOptions(include=[], exclude=[])', 'invocation_command': 'dbt debug', 'static_parser': 'True', 'introspect': 'True', 'target_path': 'None', 'log_format': 'default', 'send_anonymous_usage_stats': 'True'}
[0m13:04:44.890719 [info ] [MainThread]: dbt version: 1.9.1
[0m13:04:44.892740 [info ] [MainThread]: python version: 3.13.1
[0m13:04:44.894891 [info ] [MainThread]: python path: /usr/local/bin/python3.13
[0m13:04:44.897141 [info ] [MainThread]: os info: Linux-5.15.153.1-microsoft-standard-WSL2-x86_64-with-glibc2.31
[0m13:04:46.994207 [info ] [MainThread]: Using profiles dir at /usr/app/dbt
[0m13:04:46.997719 [info ] [MainThread]: Using profiles.yml file at /usr/app/dbt/profiles.yml
[0m13:04:46.999598 [info ] [MainThread]: Using dbt_project.yml file at /usr/app/dbt/dbt_project.yml
[0m13:04:47.001897 [info ] [MainThread]: adapter type: bigquery
[0m13:04:47.004036 [info ] [MainThread]: adapter version: 1.9.1
[0m13:04:47.267487 [info ] [MainThread]: Configuration:
[0m13:04:47.271754 [info ] [MainThread]:   profiles.yml file [[32mOK found and valid[0m]
[0m13:04:47.275355 [info ] [MainThread]:   dbt_project.yml file [[32mOK found and valid[0m]
[0m13:04:47.278257 [info ] [MainThread]: Required dependencies:
[0m13:04:47.282669 [debug] [MainThread]: Executing "git --help"
[0m13:04:47.289149 [debug] [MainThread]: STDOUT: "b"usage: git [--version] [--help] [-C <path>] [-c <name>=<value>]\n           [--exec-path[=<path>]] [--html-path] [--man-path] [--info-path]\n           [-p | --paginate | -P | --no-pager] [--no-replace-objects] [--bare]\n           [--git-dir=<path>] [--work-tree=<path>] [--namespace=<name>]\n           <command> [<args>]\n\nThese are common Git commands used in various situations:\n\nstart a working area (see also: git help tutorial)\n   clone             Clone a repository into a new directory\n   init              Create an empty Git repository or reinitialize an existing one\n\nwork on the current change (see also: git help everyday)\n   add               Add file contents to the index\n   mv                Move or rename a file, a directory, or a symlink\n   restore           Restore working tree files\n   rm                Remove files from the working tree and from the index\n   sparse-checkout   Initialize and modify the sparse-checkout\n\nexamine the history and state (see also: git help revisions)\n   bisect            Use binary search to find the commit that introduced a bug\n   diff              Show changes between commits, commit and working tree, etc\n   grep              Print lines matching a pattern\n   log               Show commit logs\n   show              Show various types of objects\n   status            Show the working tree status\n\ngrow, mark and tweak your common history\n   branch            List, create, or delete branches\n   commit            Record changes to the repository\n   merge             Join two or more development histories together\n   rebase            Reapply commits on top of another base tip\n   reset             Reset current HEAD to the specified state\n   switch            Switch branches\n   tag               Create, list, delete or verify a tag object signed with GPG\n\ncollaborate (see also: git help workflows)\n   fetch             Download objects and refs from another repository\n   pull              Fetch from and integrate with another repository or a local branch\n   push              Update remote refs along with associated objects\n\n'git help -a' and 'git help -g' list available subcommands and some\nconcept guides. See 'git help <command>' or 'git help <concept>'\nto read about a specific subcommand or concept.\nSee 'git help git' for an overview of the system.\n""
[0m13:04:47.290733 [debug] [MainThread]: STDERR: "b''"
[0m13:04:47.291852 [info ] [MainThread]:  - git [[32mOK found[0m]

[0m13:04:47.293756 [info ] [MainThread]: Connection:
[0m13:04:47.296113 [info ] [MainThread]:   method: service-account
[0m13:04:47.298587 [info ] [MainThread]:   database: ${GCP_PROJECT_ID}
[0m13:04:47.301685 [info ] [MainThread]:   execution_project: ${GCP_PROJECT_ID}
[0m13:04:47.304802 [info ] [MainThread]:   schema: ${BQ_DATASET_ID}
[0m13:04:47.308380 [info ] [MainThread]:   location: US
[0m13:04:47.311046 [info ] [MainThread]:   priority: interactive
[0m13:04:47.312478 [info ] [MainThread]:   maximum_bytes_billed: None
[0m13:04:47.314533 [info ] [MainThread]:   impersonate_service_account: None
[0m13:04:47.317903 [info ] [MainThread]:   job_retry_deadline_seconds: None
[0m13:04:47.319883 [info ] [MainThread]:   job_retries: 1
[0m13:04:47.324022 [info ] [MainThread]:   job_creation_timeout_seconds: None
[0m13:04:47.327679 [info ] [MainThread]:   job_execution_timeout_seconds: 300
[0m13:04:47.329446 [info ] [MainThread]:   timeout_seconds: 300
[0m13:04:47.332327 [info ] [MainThread]:   client_id: None
[0m13:04:47.335116 [info ] [MainThread]:   token_uri: None
[0m13:04:47.336667 [info ] [MainThread]:   dataproc_region: None
[0m13:04:47.338413 [info ] [MainThread]:   dataproc_cluster_name: None
[0m13:04:47.340455 [info ] [MainThread]:   gcs_bucket: None
[0m13:04:47.342634 [info ] [MainThread]:   dataproc_batch: None
[0m13:04:47.344737 [info ] [MainThread]: Registered adapter: bigquery=1.9.1
[0m13:04:47.486765 [debug] [MainThread]: Acquiring new bigquery connection 'debug'
[0m13:04:47.488550 [debug] [MainThread]: On debug: select 1 as id
[0m13:04:47.490390 [debug] [MainThread]: Opening a new connection, currently in state init
[0m13:04:47.492948 [debug] [MainThread]: BigQuery adapter: Got an error when attempting to create a bigquery " "client: '[Errno 2] No such file or directory: '/usr/app/dbt/credentials.json''
[0m13:04:47.494984 [debug] [MainThread]: BigQuery adapter: Unhandled error while running:
select 1 as id
[0m13:04:47.496627 [debug] [MainThread]: BigQuery adapter: Database Error
  [Errno 2] No such file or directory: '/usr/app/dbt/credentials.json'
[0m13:04:47.498196 [info ] [MainThread]:   Connection test: [[31mERROR[0m]

[0m13:04:47.499647 [info ] [MainThread]: [31m1 check failed:[0m
[0m13:04:47.501297 [info ] [MainThread]: dbt was unable to connect to the specified database.
The database returned the following error:

  >'NoneType' object has no attribute 'close'

Check your database credentials and try again. For more information, visit:
https://docs.getdbt.com/docs/configure-your-profile


[0m13:04:47.504602 [debug] [MainThread]: Resource report: {"command_name": "debug", "command_success": false, "command_wall_clock_time": 2.8465471, "process_in_blocks": "0", "process_kernel_time": 0.748314, "process_mem_max_rss": "211436", "process_out_blocks": "3360", "process_user_time": 6.447809}
[0m13:04:47.506214 [debug] [MainThread]: Command `dbt debug` failed at 13:04:47.505950 after 2.85 seconds
[0m13:04:47.507444 [debug] [MainThread]: Sending event: {'category': 'dbt', 'action': 'invocation', 'label': 'end', 'context': [<snowplow_tracker.self_describing_json.SelfDescribingJson object at 0x7fbde1a1e9e0>, <snowplow_tracker.self_describing_json.SelfDescribingJson object at 0x7fbde1a5f770>, <snowplow_tracker.self_describing_json.SelfDescribingJson object at 0x7fbde1aea140>]}
[0m13:04:47.508624 [debug] [MainThread]: Flushing usage events
[0m13:04:48.366421 [debug] [MainThread]: An error was encountered while trying to flush usage events
[0m13:06:23.365933 [debug] [MainThread]: Sending event: {'category': 'dbt', 'action': 'invocation', 'label': 'start', 'context': [<snowplow_tracker.self_describing_json.SelfDescribingJson object at 0x7f5f8b0f4590>, <snowplow_tracker.self_describing_json.SelfDescribingJson object at 0x7f5f8c478a50>, <snowplow_tracker.self_describing_json.SelfDescribingJson object at 0x7f5f8a896490>]}


============================== 13:06:23.374212 | 3cbf4144-d034-4129-848c-ed9c6be971bf ==============================
[0m13:06:23.374212 [info ] [MainThread]: Running with dbt=1.9.1
[0m13:06:23.376782 [debug] [MainThread]: running dbt with arguments {'printer_width': '80', 'indirect_selection': 'eager', 'write_json': 'True', 'log_cache_events': 'False', 'partial_parse': 'True', 'cache_selected_only': 'False', 'warn_error': 'None', 'debug': 'False', 'version_check': 'True', 'log_path': '/usr/app/dbt/logs', 'fail_fast': 'False', 'profiles_dir': '/usr/app/dbt', 'use_colors': 'True', 'use_experimental_parser': 'False', 'empty': 'None', 'quiet': 'False', 'no_print': 'None', 'warn_error_options': 'WarnErrorOptions(include=[], exclude=[])', 'introspect': 'True', 'log_format': 'default', 'static_parser': 'True', 'target_path': 'None', 'invocation_command': 'dbt debug', 'send_anonymous_usage_stats': 'True'}
[0m13:06:23.398692 [info ] [MainThread]: dbt version: 1.9.1
[0m13:06:23.402830 [info ] [MainThread]: python version: 3.13.1
[0m13:06:23.410256 [info ] [MainThread]: python path: /usr/local/bin/python3.13
[0m13:06:23.413680 [info ] [MainThread]: os info: Linux-5.15.153.1-microsoft-standard-WSL2-x86_64-with-glibc2.31
[0m13:06:25.070108 [info ] [MainThread]: Using profiles dir at /usr/app/dbt
[0m13:06:25.071743 [info ] [MainThread]: Using profiles.yml file at /usr/app/dbt/profiles.yml
[0m13:06:25.076379 [info ] [MainThread]: Using dbt_project.yml file at /usr/app/dbt/dbt_project.yml
[0m13:06:25.078352 [info ] [MainThread]: adapter type: bigquery
[0m13:06:25.080191 [info ] [MainThread]: adapter version: 1.9.1
[0m13:06:25.336822 [info ] [MainThread]: Configuration:
[0m13:06:25.341011 [info ] [MainThread]:   profiles.yml file [[32mOK found and valid[0m]
[0m13:06:25.343334 [info ] [MainThread]:   dbt_project.yml file [[32mOK found and valid[0m]
[0m13:06:25.345934 [info ] [MainThread]: Required dependencies:
[0m13:06:25.347631 [debug] [MainThread]: Executing "git --help"
[0m13:06:25.353004 [debug] [MainThread]: STDOUT: "b"usage: git [--version] [--help] [-C <path>] [-c <name>=<value>]\n           [--exec-path[=<path>]] [--html-path] [--man-path] [--info-path]\n           [-p | --paginate | -P | --no-pager] [--no-replace-objects] [--bare]\n           [--git-dir=<path>] [--work-tree=<path>] [--namespace=<name>]\n           <command> [<args>]\n\nThese are common Git commands used in various situations:\n\nstart a working area (see also: git help tutorial)\n   clone             Clone a repository into a new directory\n   init              Create an empty Git repository or reinitialize an existing one\n\nwork on the current change (see also: git help everyday)\n   add               Add file contents to the index\n   mv                Move or rename a file, a directory, or a symlink\n   restore           Restore working tree files\n   rm                Remove files from the working tree and from the index\n   sparse-checkout   Initialize and modify the sparse-checkout\n\nexamine the history and state (see also: git help revisions)\n   bisect            Use binary search to find the commit that introduced a bug\n   diff              Show changes between commits, commit and working tree, etc\n   grep              Print lines matching a pattern\n   log               Show commit logs\n   show              Show various types of objects\n   status            Show the working tree status\n\ngrow, mark and tweak your common history\n   branch            List, create, or delete branches\n   commit            Record changes to the repository\n   merge             Join two or more development histories together\n   rebase            Reapply commits on top of another base tip\n   reset             Reset current HEAD to the specified state\n   switch            Switch branches\n   tag               Create, list, delete or verify a tag object signed with GPG\n\ncollaborate (see also: git help workflows)\n   fetch             Download objects and refs from another repository\n   pull              Fetch from and integrate with another repository or a local branch\n   push              Update remote refs along with associated objects\n\n'git help -a' and 'git help -g' list available subcommands and some\nconcept guides. See 'git help <command>' or 'git help <concept>'\nto read about a specific subcommand or concept.\nSee 'git help git' for an overview of the system.\n""
[0m13:06:25.354760 [debug] [MainThread]: STDERR: "b''"
[0m13:06:25.357298 [info ] [MainThread]:  - git [[32mOK found[0m]

[0m13:06:25.358976 [info ] [MainThread]: Connection:
[0m13:06:25.361244 [info ] [MainThread]:   method: service-account
[0m13:06:25.363468 [info ] [MainThread]:   database: foot-analyse
[0m13:06:25.365755 [info ] [MainThread]:   execution_project: foot-analyse
[0m13:06:25.367851 [info ] [MainThread]:   schema: foot_data
[0m13:06:25.369455 [info ] [MainThread]:   location: US
[0m13:06:25.372163 [info ] [MainThread]:   priority: interactive
[0m13:06:25.375372 [info ] [MainThread]:   maximum_bytes_billed: None
[0m13:06:25.378303 [info ] [MainThread]:   impersonate_service_account: None
[0m13:06:25.379921 [info ] [MainThread]:   job_retry_deadline_seconds: None
[0m13:06:25.381304 [info ] [MainThread]:   job_retries: 1
[0m13:06:25.383666 [info ] [MainThread]:   job_creation_timeout_seconds: None
[0m13:06:25.386068 [info ] [MainThread]:   job_execution_timeout_seconds: 300
[0m13:06:25.387725 [info ] [MainThread]:   timeout_seconds: 300
[0m13:06:25.389257 [info ] [MainThread]:   client_id: None
[0m13:06:25.394777 [info ] [MainThread]:   token_uri: None
[0m13:06:25.396514 [info ] [MainThread]:   dataproc_region: None
[0m13:06:25.398187 [info ] [MainThread]:   dataproc_cluster_name: None
[0m13:06:25.399843 [info ] [MainThread]:   gcs_bucket: None
[0m13:06:25.401449 [info ] [MainThread]:   dataproc_batch: None
[0m13:06:25.403569 [info ] [MainThread]: Registered adapter: bigquery=1.9.1
[0m13:06:25.538160 [debug] [MainThread]: Acquiring new bigquery connection 'debug'
[0m13:06:25.539764 [debug] [MainThread]: On debug: select 1 as id
[0m13:06:25.541032 [debug] [MainThread]: Opening a new connection, currently in state init
[0m13:06:25.542710 [debug] [MainThread]: BigQuery adapter: Got an error when attempting to create a bigquery " "client: '[Errno 2] No such file or directory: '/usr/app/dbt/credentials.json''
[0m13:06:25.544088 [debug] [MainThread]: BigQuery adapter: Unhandled error while running:
select 1 as id
[0m13:06:25.545157 [debug] [MainThread]: BigQuery adapter: Database Error
  [Errno 2] No such file or directory: '/usr/app/dbt/credentials.json'
[0m13:06:25.546247 [info ] [MainThread]:   Connection test: [[31mERROR[0m]

[0m13:06:25.547982 [info ] [MainThread]: [31m1 check failed:[0m
[0m13:06:25.551589 [info ] [MainThread]: dbt was unable to connect to the specified database.
The database returned the following error:

  >'NoneType' object has no attribute 'close'

Check your database credentials and try again. For more information, visit:
https://docs.getdbt.com/docs/configure-your-profile


[0m13:06:25.555400 [debug] [MainThread]: Resource report: {"command_name": "debug", "command_success": false, "command_wall_clock_time": 2.376366, "process_in_blocks": "0", "process_kernel_time": 0.548037, "process_mem_max_rss": "208308", "process_out_blocks": "0", "process_user_time": 5.819158}
[0m13:06:25.556903 [debug] [MainThread]: Command `dbt debug` failed at 13:06:25.556625 after 2.38 seconds
[0m13:06:25.558404 [debug] [MainThread]: Sending event: {'category': 'dbt', 'action': 'invocation', 'label': 'end', 'context': [<snowplow_tracker.self_describing_json.SelfDescribingJson object at 0x7f5f60532520>, <snowplow_tracker.self_describing_json.SelfDescribingJson object at 0x7f5f605431d0>, <snowplow_tracker.self_describing_json.SelfDescribingJson object at 0x7f5f60601e10>]}
[0m13:06:25.560026 [debug] [MainThread]: Flushing usage events
[0m13:06:26.292845 [debug] [MainThread]: An error was encountered while trying to flush usage events
[0m13:09:37.252527 [debug] [MainThread]: Sending event: {'category': 'dbt', 'action': 'invocation', 'label': 'start', 'context': [<snowplow_tracker.self_describing_json.SelfDescribingJson object at 0x7f2b6183c590>, <snowplow_tracker.self_describing_json.SelfDescribingJson object at 0x7f2b62b88a50>, <snowplow_tracker.self_describing_json.SelfDescribingJson object at 0x7f2b60fda490>]}


============================== 13:09:37.261076 | 92547e8f-036f-4823-a484-78e529f20b56 ==============================
[0m13:09:37.261076 [info ] [MainThread]: Running with dbt=1.9.1
[0m13:09:37.264759 [debug] [MainThread]: running dbt with arguments {'printer_width': '80', 'indirect_selection': 'eager', 'log_cache_events': 'False', 'write_json': 'True', 'partial_parse': 'True', 'cache_selected_only': 'False', 'warn_error': 'None', 'fail_fast': 'False', 'debug': 'False', 'log_path': '/usr/app/dbt/logs', 'version_check': 'True', 'profiles_dir': '/usr/app/dbt', 'use_colors': 'True', 'use_experimental_parser': 'False', 'empty': 'None', 'quiet': 'False', 'no_print': 'None', 'log_format': 'default', 'invocation_command': 'dbt debug', 'static_parser': 'True', 'introspect': 'True', 'target_path': 'None', 'warn_error_options': 'WarnErrorOptions(include=[], exclude=[])', 'send_anonymous_usage_stats': 'True'}
[0m13:09:37.293108 [info ] [MainThread]: dbt version: 1.9.1
[0m13:09:37.294615 [info ] [MainThread]: python version: 3.13.1
[0m13:09:37.296780 [info ] [MainThread]: python path: /usr/local/bin/python3.13
[0m13:09:37.299775 [info ] [MainThread]: os info: Linux-5.15.153.1-microsoft-standard-WSL2-x86_64-with-glibc2.31
[0m13:09:38.944285 [info ] [MainThread]: Using profiles dir at /usr/app/dbt
[0m13:09:38.946936 [info ] [MainThread]: Using profiles.yml file at /usr/app/dbt/profiles.yml
[0m13:09:38.951781 [info ] [MainThread]: Using dbt_project.yml file at /usr/app/dbt/dbt_project.yml
[0m13:09:38.954750 [info ] [MainThread]: adapter type: bigquery
[0m13:09:38.956736 [info ] [MainThread]: adapter version: 1.9.1
[0m13:09:39.207810 [info ] [MainThread]: Configuration:
[0m13:09:39.210101 [info ] [MainThread]:   profiles.yml file [[32mOK found and valid[0m]
[0m13:09:39.214137 [info ] [MainThread]:   dbt_project.yml file [[32mOK found and valid[0m]
[0m13:09:39.218212 [info ] [MainThread]: Required dependencies:
[0m13:09:39.220850 [debug] [MainThread]: Executing "git --help"
[0m13:09:39.226843 [debug] [MainThread]: STDOUT: "b"usage: git [--version] [--help] [-C <path>] [-c <name>=<value>]\n           [--exec-path[=<path>]] [--html-path] [--man-path] [--info-path]\n           [-p | --paginate | -P | --no-pager] [--no-replace-objects] [--bare]\n           [--git-dir=<path>] [--work-tree=<path>] [--namespace=<name>]\n           <command> [<args>]\n\nThese are common Git commands used in various situations:\n\nstart a working area (see also: git help tutorial)\n   clone             Clone a repository into a new directory\n   init              Create an empty Git repository or reinitialize an existing one\n\nwork on the current change (see also: git help everyday)\n   add               Add file contents to the index\n   mv                Move or rename a file, a directory, or a symlink\n   restore           Restore working tree files\n   rm                Remove files from the working tree and from the index\n   sparse-checkout   Initialize and modify the sparse-checkout\n\nexamine the history and state (see also: git help revisions)\n   bisect            Use binary search to find the commit that introduced a bug\n   diff              Show changes between commits, commit and working tree, etc\n   grep              Print lines matching a pattern\n   log               Show commit logs\n   show              Show various types of objects\n   status            Show the working tree status\n\ngrow, mark and tweak your common history\n   branch            List, create, or delete branches\n   commit            Record changes to the repository\n   merge             Join two or more development histories together\n   rebase            Reapply commits on top of another base tip\n   reset             Reset current HEAD to the specified state\n   switch            Switch branches\n   tag               Create, list, delete or verify a tag object signed with GPG\n\ncollaborate (see also: git help workflows)\n   fetch             Download objects and refs from another repository\n   pull              Fetch from and integrate with another repository or a local branch\n   push              Update remote refs along with associated objects\n\n'git help -a' and 'git help -g' list available subcommands and some\nconcept guides. See 'git help <command>' or 'git help <concept>'\nto read about a specific subcommand or concept.\nSee 'git help git' for an overview of the system.\n""
[0m13:09:39.231311 [debug] [MainThread]: STDERR: "b''"
[0m13:09:39.232475 [info ] [MainThread]:  - git [[32mOK found[0m]

[0m13:09:39.234550 [info ] [MainThread]: Connection:
[0m13:09:39.237564 [info ] [MainThread]:   method: service-account
[0m13:09:39.239651 [info ] [MainThread]:   database: foot-analyse
[0m13:09:39.241821 [info ] [MainThread]:   execution_project: foot-analyse
[0m13:09:39.243400 [info ] [MainThread]:   schema: foot_data
[0m13:09:39.246854 [info ] [MainThread]:   location: US
[0m13:09:39.248868 [info ] [MainThread]:   priority: None
[0m13:09:39.250929 [info ] [MainThread]:   maximum_bytes_billed: None
[0m13:09:39.253153 [info ] [MainThread]:   impersonate_service_account: None
[0m13:09:39.255233 [info ] [MainThread]:   job_retry_deadline_seconds: None
[0m13:09:39.256695 [info ] [MainThread]:   job_retries: 1
[0m13:09:39.258666 [info ] [MainThread]:   job_creation_timeout_seconds: None
[0m13:09:39.260719 [info ] [MainThread]:   job_execution_timeout_seconds: None
[0m13:09:39.262044 [info ] [MainThread]:   timeout_seconds: None
[0m13:09:39.263427 [info ] [MainThread]:   client_id: None
[0m13:09:39.265563 [info ] [MainThread]:   token_uri: None
[0m13:09:39.267414 [info ] [MainThread]:   dataproc_region: None
[0m13:09:39.268854 [info ] [MainThread]:   dataproc_cluster_name: None
[0m13:09:39.270188 [info ] [MainThread]:   gcs_bucket: None
[0m13:09:39.271991 [info ] [MainThread]:   dataproc_batch: None
[0m13:09:39.273963 [info ] [MainThread]: Registered adapter: bigquery=1.9.1
[0m13:09:39.420631 [debug] [MainThread]: Acquiring new bigquery connection 'debug'
[0m13:09:39.422456 [debug] [MainThread]: On debug: select 1 as id
[0m13:09:39.424251 [debug] [MainThread]: Opening a new connection, currently in state init
[0m13:09:40.816457 [debug] [MainThread]: BigQuery adapter: https://console.cloud.google.com/bigquery?project=foot-analyse&j=bq:US:5610cc8c-3e52-49b0-a10c-87f46797e1a6&page=queryresults
[0m13:09:41.457440 [info ] [MainThread]:   Connection test: [[32mOK connection ok[0m]

[0m13:09:41.461413 [info ] [MainThread]: [32mAll checks passed![0m
[0m13:09:41.464981 [debug] [MainThread]: Resource report: {"command_name": "debug", "command_success": true, "command_wall_clock_time": 4.399269, "process_in_blocks": "0", "process_kernel_time": 0.616218, "process_mem_max_rss": "212856", "process_out_blocks": "0", "process_user_time": 5.91974}
[0m13:09:41.466846 [debug] [MainThread]: Command `dbt debug` succeeded at 13:09:41.466521 after 4.40 seconds
[0m13:09:41.468362 [debug] [MainThread]: Connection 'debug' was properly closed.
[0m13:09:41.470854 [debug] [MainThread]: Sending event: {'category': 'dbt', 'action': 'invocation', 'label': 'end', 'context': [<snowplow_tracker.self_describing_json.SelfDescribingJson object at 0x7f2b32c37230>, <snowplow_tracker.self_describing_json.SelfDescribingJson object at 0x7f2b32c7ee70>, <snowplow_tracker.self_describing_json.SelfDescribingJson object at 0x7f2b32d01d00>]}
[0m13:09:41.472885 [debug] [MainThread]: Flushing usage events
[0m13:09:42.095134 [debug] [MainThread]: An error was encountered while trying to flush usage events
[0m13:10:09.328675 [debug] [MainThread]: Sending event: {'category': 'dbt', 'action': 'invocation', 'label': 'start', 'context': [<snowplow_tracker.self_describing_json.SelfDescribingJson object at 0x7f9570540590>, <snowplow_tracker.self_describing_json.SelfDescribingJson object at 0x7f9571894a50>, <snowplow_tracker.self_describing_json.SelfDescribingJson object at 0x7f956fce2490>]}


============================== 13:10:09.336583 | 8f895d6b-ffa8-4a69-8c39-25454221c03c ==============================
[0m13:10:09.336583 [info ] [MainThread]: Running with dbt=1.9.1
[0m13:10:09.338400 [debug] [MainThread]: running dbt with arguments {'printer_width': '80', 'indirect_selection': 'eager', 'write_json': 'True', 'log_cache_events': 'False', 'partial_parse': 'True', 'cache_selected_only': 'False', 'warn_error': 'None', 'version_check': 'True', 'fail_fast': 'False', 'log_path': '/usr/app/dbt/logs', 'debug': 'False', 'profiles_dir': '/usr/app/dbt', 'use_colors': 'True', 'use_experimental_parser': 'False', 'empty': 'False', 'quiet': 'False', 'no_print': 'None', 'log_format': 'default', 'introspect': 'True', 'invocation_command': 'dbt run', 'static_parser': 'True', 'target_path': 'None', 'warn_error_options': 'WarnErrorOptions(include=[], exclude=[])', 'send_anonymous_usage_stats': 'True'}
[0m13:10:11.187177 [debug] [MainThread]: Sending event: {'category': 'dbt', 'action': 'project_id', 'label': '8f895d6b-ffa8-4a69-8c39-25454221c03c', 'context': [<snowplow_tracker.self_describing_json.SelfDescribingJson object at 0x7f9541948770>]}
[0m13:10:11.341579 [debug] [MainThread]: Sending event: {'category': 'dbt', 'action': 'adapter_info', 'label': '8f895d6b-ffa8-4a69-8c39-25454221c03c', 'context': [<snowplow_tracker.self_describing_json.SelfDescribingJson object at 0x7f9541b52580>]}
[0m13:10:11.343740 [info ] [MainThread]: Registered adapter: bigquery=1.9.1
[0m13:10:11.507739 [debug] [MainThread]: checksum: 5e8d1596cf4eae33c11286bbb248a722d21b9f00d8a7ced8137c642517055418, vars: {}, profile: , target: , version: 1.9.1
[0m13:10:11.518595 [info ] [MainThread]: Unable to do partial parsing because saved manifest not found. Starting full parse.
[0m13:10:11.520243 [debug] [MainThread]: Sending event: {'category': 'dbt', 'action': 'partial_parser', 'label': '8f895d6b-ffa8-4a69-8c39-25454221c03c', 'context': [<snowplow_tracker.self_describing_json.SelfDescribingJson object at 0x7f9541b92750>]}
[0m13:10:14.940245 [debug] [MainThread]: Sending event: {'category': 'dbt', 'action': 'load_project', 'label': '8f895d6b-ffa8-4a69-8c39-25454221c03c', 'context': [<snowplow_tracker.self_describing_json.SelfDescribingJson object at 0x7f9541be7890>]}
[0m13:10:15.187964 [debug] [MainThread]: Wrote artifact WritableManifest to /usr/app/dbt/target/manifest.json
[0m13:10:15.208107 [debug] [MainThread]: Wrote artifact SemanticManifest to /usr/app/dbt/target/semantic_manifest.json
[0m13:10:15.277004 [debug] [MainThread]: Sending event: {'category': 'dbt', 'action': 'resource_counts', 'label': '8f895d6b-ffa8-4a69-8c39-25454221c03c', 'context': [<snowplow_tracker.self_describing_json.SelfDescribingJson object at 0x7f9541536dd0>]}
[0m13:10:15.278959 [info ] [MainThread]: Found 2 models, 3 data tests, 1 source, 490 macros
[0m13:10:15.280454 [debug] [MainThread]: Sending event: {'category': 'dbt', 'action': 'runnable_timing', 'label': '8f895d6b-ffa8-4a69-8c39-25454221c03c', 'context': [<snowplow_tracker.self_describing_json.SelfDescribingJson object at 0x7f95417a5640>]}
[0m13:10:15.285236 [info ] [MainThread]: 
[0m13:10:15.287184 [info ] [MainThread]: Concurrency: 1 threads (target='dev')
[0m13:10:15.290885 [info ] [MainThread]: 
[0m13:10:15.293396 [debug] [MainThread]: Acquiring new bigquery connection 'master'
[0m13:10:15.307060 [debug] [ThreadPool]: Acquiring new bigquery connection 'list_foot-analyse'
[0m13:10:15.309018 [debug] [ThreadPool]: Opening a new connection, currently in state init
[0m13:10:15.972528 [debug] [ThreadPool]: Re-using an available connection from the pool (formerly list_foot-analyse, now list_foot-analyse_foot_data)
[0m13:10:15.974279 [debug] [ThreadPool]: Opening a new connection, currently in state closed
[0m13:10:16.547588 [debug] [MainThread]: Sending event: {'category': 'dbt', 'action': 'runnable_timing', 'label': '8f895d6b-ffa8-4a69-8c39-25454221c03c', 'context': [<snowplow_tracker.self_describing_json.SelfDescribingJson object at 0x7f952ba52f90>]}
[0m13:10:16.549266 [debug] [MainThread]: Opening a new connection, currently in state init
[0m13:10:16.564726 [debug] [Thread-1 (]: Began running node model.sofascore.won_point
[0m13:10:16.566797 [info ] [Thread-1 (]: 1 of 2 START sql table model foot_data.won_point ............................... [RUN]
[0m13:10:16.569254 [debug] [Thread-1 (]: Re-using an available connection from the pool (formerly list_foot-analyse_foot_data, now model.sofascore.won_point)
[0m13:10:16.570958 [debug] [Thread-1 (]: Began compiling node model.sofascore.won_point
[0m13:10:16.599918 [debug] [Thread-1 (]: Writing injected SQL for node "model.sofascore.won_point"
[0m13:10:16.640705 [debug] [Thread-1 (]: Began executing node model.sofascore.won_point
[0m13:10:16.769787 [debug] [Thread-1 (]: Writing runtime sql for node "model.sofascore.won_point"
[0m13:10:16.828819 [debug] [Thread-1 (]: On model.sofascore.won_point: /* {"app": "dbt", "dbt_version": "1.9.1", "profile_name": "sofascore", "target_name": "dev", "node_id": "model.sofascore.won_point"} */

  
    

    create or replace table `foot-analyse`.`foot_data`.`won_point`
      
    
    

    OPTIONS()
    as (
      


SELECT *
FROM (-- sql query
SELECT
  id,
  season,
  startTimestamp,
  country,
  home_team as team,
  home_score as score,
  away_score as goal_conceded,
  CASE
    WHEN winner_code = 1 THEN 3
    WHEN winner_code = 2 THEN 0
    ELSE 1
  END as match_point
FROM `foot-analyse`.`foot_data`.`football_results`
WHERE status = 'finished'

UNION ALL
-- sql query
SELECT
  id,
  season,
  startTimestamp,
  country,
  away_team as team,
  away_score as score,
  home_score as goal_conceded,
  CASE
    WHEN winner_code = 1 THEN 0
    WHEN winner_code = 2 THEN 3
    ELSE 1
  END as match_point
FROM `foot-analyse`.`foot_data`.`football_results`
WHERE status = 'finished'
)
ORDER BY startTimestamp, id
    );
  
[0m13:10:16.830579 [debug] [Thread-1 (]: Opening a new connection, currently in state closed
[0m13:10:18.029265 [debug] [Thread-1 (]: BigQuery adapter: https://console.cloud.google.com/bigquery?project=foot-analyse&j=bq:US:05ad9adc-d167-4a39-bed3-863ddec8e6e0&page=queryresults
[0m13:10:21.030083 [debug] [Thread-1 (]: Sending event: {'category': 'dbt', 'action': 'run_model', 'label': '8f895d6b-ffa8-4a69-8c39-25454221c03c', 'context': [<snowplow_tracker.self_describing_json.SelfDescribingJson object at 0x7f952ba7a830>]}
[0m13:10:21.032498 [info ] [Thread-1 (]: 1 of 2 OK created sql table model foot_data.won_point .......................... [[32mCREATE TABLE (61.7k rows, 2.7 MiB processed)[0m in 4.46s]
[0m13:10:21.035364 [debug] [Thread-1 (]: Finished running node model.sofascore.won_point
[0m13:10:21.038484 [debug] [Thread-1 (]: Began running node model.sofascore.season_table
[0m13:10:21.041040 [info ] [Thread-1 (]: 2 of 2 START sql table model foot_data.season_table ............................ [RUN]
[0m13:10:21.043254 [debug] [Thread-1 (]: Re-using an available connection from the pool (formerly model.sofascore.won_point, now model.sofascore.season_table)
[0m13:10:21.045402 [debug] [Thread-1 (]: Began compiling node model.sofascore.season_table
[0m13:10:21.052855 [debug] [Thread-1 (]: Writing injected SQL for node "model.sofascore.season_table"
[0m13:10:21.081317 [debug] [Thread-1 (]: Began executing node model.sofascore.season_table
[0m13:10:21.091351 [debug] [Thread-1 (]: Writing runtime sql for node "model.sofascore.season_table"
[0m13:10:21.116932 [debug] [Thread-1 (]: On model.sofascore.season_table: /* {"app": "dbt", "dbt_version": "1.9.1", "profile_name": "sofascore", "target_name": "dev", "node_id": "model.sofascore.season_table"} */

  
    

    create or replace table `foot-analyse`.`foot_data`.`season_table`
      
    
    

    OPTIONS()
    as (
      WITH total_won_points AS (
SELECT
       season,
       team,
       sum(match_point) as total_point,
       sum(score) as scored_goals,
       sum(goal_conceded) as conceded_goals
FROM `foot-analyse`.`foot_data`.`won_point`
WHERE country = 'Morocco'
GROUP BY season, team
)

SELECT *,
       row_number() over(PARTITION BY season ORDER BY total_point desc, scored_goals desc, conceded_goals asc) as rank
FROM total_won_points
ORDER BY season asc
    );
  
[0m13:10:21.118700 [debug] [Thread-1 (]: Opening a new connection, currently in state closed
[0m13:10:22.043430 [debug] [Thread-1 (]: BigQuery adapter: https://console.cloud.google.com/bigquery?project=foot-analyse&j=bq:US:0d1ab32d-5c34-4a88-91b5-1c1700f12eea&page=queryresults
[0m13:10:24.895749 [debug] [Thread-1 (]: Sending event: {'category': 'dbt', 'action': 'run_model', 'label': '8f895d6b-ffa8-4a69-8c39-25454221c03c', 'context': [<snowplow_tracker.self_describing_json.SelfDescribingJson object at 0x7f95297c0d70>]}
[0m13:10:24.898145 [info ] [Thread-1 (]: 2 of 2 OK created sql table model foot_data.season_table ....................... [[32mCREATE TABLE (212.0 rows, 3.1 MiB processed)[0m in 3.85s]
[0m13:10:24.901117 [debug] [Thread-1 (]: Finished running node model.sofascore.season_table
[0m13:10:24.906843 [debug] [MainThread]: Opening a new connection, currently in state closed
[0m13:10:24.916129 [debug] [MainThread]: Connection 'master' was properly closed.
[0m13:10:24.918946 [debug] [MainThread]: Connection 'model.sofascore.season_table' was properly closed.
[0m13:10:24.920917 [info ] [MainThread]: 
[0m13:10:24.924544 [info ] [MainThread]: Finished running 2 table models in 0 hours 0 minutes and 9.63 seconds (9.63s).
[0m13:10:24.928119 [debug] [MainThread]: Command end result
[0m13:10:25.029839 [debug] [MainThread]: Wrote artifact WritableManifest to /usr/app/dbt/target/manifest.json
[0m13:10:25.040887 [debug] [MainThread]: Wrote artifact SemanticManifest to /usr/app/dbt/target/semantic_manifest.json
[0m13:10:25.065972 [debug] [MainThread]: Wrote artifact RunExecutionResult to /usr/app/dbt/target/run_results.json
[0m13:10:25.067329 [info ] [MainThread]: 
[0m13:10:25.068894 [info ] [MainThread]: [32mCompleted successfully[0m
[0m13:10:25.070457 [info ] [MainThread]: 
[0m13:10:25.072161 [info ] [MainThread]: Done. PASS=2 WARN=0 ERROR=0 SKIP=0 TOTAL=2
[0m13:10:25.074817 [debug] [MainThread]: Resource report: {"command_name": "run", "command_success": true, "command_wall_clock_time": 15.93918, "process_in_blocks": "0", "process_kernel_time": 0.588564, "process_mem_max_rss": "228008", "process_out_blocks": "112", "process_user_time": 10.165204}
[0m13:10:25.076665 [debug] [MainThread]: Command `dbt run` succeeded at 13:10:25.076315 after 15.94 seconds
[0m13:10:25.078364 [debug] [MainThread]: Sending event: {'category': 'dbt', 'action': 'invocation', 'label': 'end', 'context': [<snowplow_tracker.self_describing_json.SelfDescribingJson object at 0x7f952ba11050>, <snowplow_tracker.self_describing_json.SelfDescribingJson object at 0x7f957047fb50>, <snowplow_tracker.self_describing_json.SelfDescribingJson object at 0x7f956f7e5c50>]}
[0m13:10:25.080292 [debug] [MainThread]: Flushing usage events
[0m13:10:25.580247 [debug] [MainThread]: An error was encountered while trying to flush usage events
